 BELLHOP/BELLHOP3D

 BELLHOP- Sandbottom_2021_6.env                                                  
 frequency =   1800.     Hz

 Dummy parameter NMedia =            1

     Spline approximation to SSP
     Attenuation units: dB/wavelength
     VACUUM

 Depth =    1200.00 m

 Sound speed profile:
   z (m)     alphaR (m/s)   betaR  rho (g/cm^3)  alphaI     betaI

      0.00      1539.73      0.00     1.00       0.0000    0.0000
      5.00      1545.71      0.00     1.00       0.0000    0.0000
     10.00      1545.68      0.00     1.00       0.0000    0.0000
     15.00      1545.58      0.00     1.00       0.0000    0.0000
     20.00      1545.56      0.00     1.00       0.0000    0.0000
     25.00      1545.06      0.00     1.00       0.0000    0.0000
     30.00      1544.22      0.00     1.00       0.0000    0.0000
     35.00      1542.32      0.00     1.00       0.0000    0.0000
     40.00      1541.76      0.00     1.00       0.0000    0.0000
     45.00      1539.07      0.00     1.00       0.0000    0.0000
     50.00      1537.33      0.00     1.00       0.0000    0.0000
     55.00      1536.62      0.00     1.00       0.0000    0.0000
     60.00      1536.34      0.00     1.00       0.0000    0.0000
     65.00      1535.47      0.00     1.00       0.0000    0.0000
     70.00      1535.48      0.00     1.00       0.0000    0.0000
     75.00      1533.83      0.00     1.00       0.0000    0.0000
     80.00      1533.40      0.00     1.00       0.0000    0.0000
     85.00      1533.24      0.00     1.00       0.0000    0.0000
     90.00      1532.75      0.00     1.00       0.0000    0.0000
     95.00      1531.15      0.00     1.00       0.0000    0.0000
    100.00      1530.61      0.00     1.00       0.0000    0.0000
    105.00      1530.57      0.00     1.00       0.0000    0.0000
    110.00      1528.63      0.00     1.00       0.0000    0.0000
    115.00      1525.07      0.00     1.00       0.0000    0.0000
    120.00      1524.18      0.00     1.00       0.0000    0.0000
    125.00      1524.23      0.00     1.00       0.0000    0.0000
    130.00      1523.24      0.00     1.00       0.0000    0.0000
    135.00      1523.02      0.00     1.00       0.0000    0.0000
    140.00      1522.47      0.00     1.00       0.0000    0.0000
    145.00      1522.27      0.00     1.00       0.0000    0.0000
    150.00      1521.83      0.00     1.00       0.0000    0.0000
    155.00      1520.64      0.00     1.00       0.0000    0.0000
    160.00      1519.75      0.00     1.00       0.0000    0.0000
    165.00      1518.94      0.00     1.00       0.0000    0.0000
    170.00      1516.39      0.00     1.00       0.0000    0.0000
    175.00      1515.63      0.00     1.00       0.0000    0.0000
    180.00      1515.58      0.00     1.00       0.0000    0.0000
    185.00      1514.23      0.00     1.00       0.0000    0.0000
    190.00      1513.92      0.00     1.00       0.0000    0.0000
    195.00      1513.11      0.00     1.00       0.0000    0.0000
    200.00      1511.98      0.00     1.00       0.0000    0.0000
    205.00      1511.21      0.00     1.00       0.0000    0.0000
    210.00      1510.69      0.00     1.00       0.0000    0.0000
    215.00      1510.47      0.00     1.00       0.0000    0.0000
    220.00      1509.99      0.00     1.00       0.0000    0.0000
    225.00      1509.74      0.00     1.00       0.0000    0.0000
    230.00      1509.09      0.00     1.00       0.0000    0.0000
    235.00      1508.70      0.00     1.00       0.0000    0.0000
    240.00      1507.91      0.00     1.00       0.0000    0.0000
    245.00      1506.84      0.00     1.00       0.0000    0.0000
    250.00      1506.58      0.00     1.00       0.0000    0.0000
    255.00      1506.14      0.00     1.00       0.0000    0.0000
    260.00      1504.98      0.00     1.00       0.0000    0.0000
    265.00      1504.44      0.00     1.00       0.0000    0.0000
    270.00      1503.91      0.00     1.00       0.0000    0.0000
    275.00      1503.16      0.00     1.00       0.0000    0.0000
    280.00      1502.83      0.00     1.00       0.0000    0.0000
    285.00      1502.49      0.00     1.00       0.0000    0.0000
    290.00      1502.24      0.00     1.00       0.0000    0.0000
    295.00      1501.75      0.00     1.00       0.0000    0.0000
    300.00      1501.45      0.00     1.00       0.0000    0.0000
    305.00      1501.15      0.00     1.00       0.0000    0.0000
    310.00      1501.02      0.00     1.00       0.0000    0.0000
    315.00      1500.62      0.00     1.00       0.0000    0.0000
    320.00      1500.42      0.00     1.00       0.0000    0.0000
    325.00      1499.72      0.00     1.00       0.0000    0.0000
    330.00      1499.38      0.00     1.00       0.0000    0.0000
    335.00      1498.68      0.00     1.00       0.0000    0.0000
    340.00      1498.74      0.00     1.00       0.0000    0.0000
    345.00      1498.49      0.00     1.00       0.0000    0.0000
    350.00      1498.00      0.00     1.00       0.0000    0.0000
    355.00      1497.73      0.00     1.00       0.0000    0.0000
    360.00      1497.53      0.00     1.00       0.0000    0.0000
    365.00      1497.32      0.00     1.00       0.0000    0.0000
    370.00      1497.33      0.00     1.00       0.0000    0.0000
    375.00      1497.34      0.00     1.00       0.0000    0.0000
    380.00      1497.43      0.00     1.00       0.0000    0.0000
    385.00      1497.37      0.00     1.00       0.0000    0.0000
    390.00      1497.38      0.00     1.00       0.0000    0.0000
    395.00      1497.24      0.00     1.00       0.0000    0.0000
    400.00      1496.68      0.00     1.00       0.0000    0.0000
    405.00      1496.36      0.00     1.00       0.0000    0.0000
    410.00      1496.12      0.00     1.00       0.0000    0.0000
    415.00      1496.06      0.00     1.00       0.0000    0.0000
    420.00      1495.92      0.00     1.00       0.0000    0.0000
    425.00      1495.57      0.00     1.00       0.0000    0.0000
    430.00      1495.50      0.00     1.00       0.0000    0.0000
    435.00      1495.44      0.00     1.00       0.0000    0.0000
    440.00      1494.81      0.00     1.00       0.0000    0.0000
    445.00      1494.44      0.00     1.00       0.0000    0.0000
    450.00      1494.23      0.00     1.00       0.0000    0.0000
    455.00      1494.09      0.00     1.00       0.0000    0.0000
    460.00      1494.10      0.00     1.00       0.0000    0.0000
    465.00      1494.03      0.00     1.00       0.0000    0.0000
    470.00      1494.04      0.00     1.00       0.0000    0.0000
    475.00      1493.98      0.00     1.00       0.0000    0.0000
    480.00      1493.99      0.00     1.00       0.0000    0.0000
    485.00      1493.92      0.00     1.00       0.0000    0.0000
    490.00      1493.85      0.00     1.00       0.0000    0.0000
    495.00      1493.86      0.00     1.00       0.0000    0.0000
    500.00      1493.67      0.00     1.00       0.0000    0.0000
    505.00      1493.43      0.00     1.00       0.0000    0.0000
    510.00      1493.16      0.00     1.00       0.0000    0.0000
    515.00      1492.86      0.00     1.00       0.0000    0.0000
    520.00      1492.49      0.00     1.00       0.0000    0.0000
    525.00      1492.54      0.00     1.00       0.0000    0.0000
    530.00      1492.36      0.00     1.00       0.0000    0.0000
    535.00      1492.29      0.00     1.00       0.0000    0.0000
    540.00      1492.15      0.00     1.00       0.0000    0.0000
    545.00      1492.01      0.00     1.00       0.0000    0.0000
    550.00      1491.94      0.00     1.00       0.0000    0.0000
    555.00      1492.02      0.00     1.00       0.0000    0.0000
    560.00      1492.03      0.00     1.00       0.0000    0.0000
    565.00      1491.89      0.00     1.00       0.0000    0.0000
    570.00      1491.75      0.00     1.00       0.0000    0.0000
    575.00      1491.52      0.00     1.00       0.0000    0.0000
    580.00      1491.61      0.00     1.00       0.0000    0.0000
    585.00      1491.61      0.00     1.00       0.0000    0.0000
    590.00      1491.47      0.00     1.00       0.0000    0.0000
    595.00      1491.40      0.00     1.00       0.0000    0.0000
    600.00      1491.33      0.00     1.00       0.0000    0.0000
    605.00      1491.34      0.00     1.00       0.0000    0.0000
    610.00      1491.19      0.00     1.00       0.0000    0.0000
    615.00      1491.05      0.00     1.00       0.0000    0.0000
    620.00      1490.91      0.00     1.00       0.0000    0.0000
    625.00      1490.84      0.00     1.00       0.0000    0.0000
    630.00      1490.84      0.00     1.00       0.0000    0.0000
    635.00      1490.77      0.00     1.00       0.0000    0.0000
    640.00      1490.85      0.00     1.00       0.0000    0.0000
    645.00      1490.86      0.00     1.00       0.0000    0.0000
    650.00      1490.95      0.00     1.00       0.0000    0.0000
    655.00      1490.95      0.00     1.00       0.0000    0.0000
    660.00      1490.88      0.00     1.00       0.0000    0.0000
    665.00      1490.66      0.00     1.00       0.0000    0.0000
    670.00      1490.51      0.00     1.00       0.0000    0.0000
    675.00      1490.52      0.00     1.00       0.0000    0.0000
    680.00      1490.37      0.00     1.00       0.0000    0.0000
    685.00      1490.22      0.00     1.00       0.0000    0.0000
    690.00      1490.07      0.00     1.00       0.0000    0.0000
    695.00      1490.08      0.00     1.00       0.0000    0.0000
    700.00      1490.09      0.00     1.00       0.0000    0.0000
    705.00      1490.09      0.00     1.00       0.0000    0.0000
    710.00      1490.10      0.00     1.00       0.0000    0.0000
    715.00      1490.03      0.00     1.00       0.0000    0.0000
    720.00      1489.88      0.00     1.00       0.0000    0.0000
    725.00      1489.81      0.00     1.00       0.0000    0.0000
    730.00      1489.81      0.00     1.00       0.0000    0.0000
    735.00      1489.66      0.00     1.00       0.0000    0.0000
    740.00      1489.39      0.00     1.00       0.0000    0.0000
    745.00      1489.44      0.00     1.00       0.0000    0.0000
    750.00      1489.37      0.00     1.00       0.0000    0.0000
    755.00      1489.23      0.00     1.00       0.0000    0.0000
    760.00      1489.15      0.00     1.00       0.0000    0.0000
    765.00      1488.91      0.00     1.00       0.0000    0.0000
    770.00      1488.76      0.00     1.00       0.0000    0.0000
    775.00      1488.61      0.00     1.00       0.0000    0.0000
    780.00      1488.47      0.00     1.00       0.0000    0.0000
    785.00      1488.54      0.00     1.00       0.0000    0.0000
    790.00      1488.55      0.00     1.00       0.0000    0.0000
    795.00      1488.55      0.00     1.00       0.0000    0.0000
    800.00      1488.56      0.00     1.00       0.0000    0.0000
    805.00      1488.47      0.00     1.00       0.0000    0.0000
    810.00      1488.33      0.00     1.00       0.0000    0.0000
    815.00      1488.26      0.00     1.00       0.0000    0.0000
    820.00      1488.10      0.00     1.00       0.0000    0.0000
    825.00      1488.03      0.00     1.00       0.0000    0.0000
    830.00      1487.87      0.00     1.00       0.0000    0.0000
    835.00      1487.72      0.00     1.00       0.0000    0.0000
    840.00      1487.72      0.00     1.00       0.0000    0.0000
    845.00      1487.65      0.00     1.00       0.0000    0.0000
    850.00      1487.45      0.00     1.00       0.0000    0.0000
    855.00      1487.42      0.00     1.00       0.0000    0.0000
    860.00      1487.26      0.00     1.00       0.0000    0.0000
    865.00      1487.34      0.00     1.00       0.0000    0.0000
    870.00      1487.35      0.00     1.00       0.0000    0.0000
    875.00      1487.43      0.00     1.00       0.0000    0.0000
    880.00      1487.44      0.00     1.00       0.0000    0.0000
    885.00      1487.52      0.00     1.00       0.0000    0.0000
    890.00      1487.36      0.00     1.00       0.0000    0.0000
    895.00      1487.12      0.00     1.00       0.0000    0.0000
    900.00      1487.13      0.00     1.00       0.0000    0.0000
    905.00      1487.02      0.00     1.00       0.0000    0.0000
    910.00      1486.97      0.00     1.00       0.0000    0.0000
    915.00      1486.98      0.00     1.00       0.0000    0.0000
    920.00      1486.83      0.00     1.00       0.0000    0.0000
    925.00      1486.89      0.00     1.00       0.0000    0.0000
    930.00      1486.67      0.00     1.00       0.0000    0.0000
    935.00      1486.51      0.00     1.00       0.0000    0.0000
    940.00      1486.43      0.00     1.00       0.0000    0.0000
    945.00      1486.35      0.00     1.00       0.0000    0.0000
    950.00      1486.35      0.00     1.00       0.0000    0.0000
    955.00      1486.36      0.00     1.00       0.0000    0.0000
    960.00      1486.36      0.00     1.00       0.0000    0.0000
    965.00      1486.20      0.00     1.00       0.0000    0.0000
    970.00      1486.20      0.00     1.00       0.0000    0.0000
    975.00      1486.28      0.00     1.00       0.0000    0.0000
    980.00      1486.29      0.00     1.00       0.0000    0.0000
    985.00      1486.37      0.00     1.00       0.0000    0.0000
    990.00      1486.37      0.00     1.00       0.0000    0.0000
    995.00      1486.45      0.00     1.00       0.0000    0.0000
   1000.00      1486.46      0.00     1.00       0.0000    0.0000
   1005.00      1486.46      0.00     1.00       0.0000    0.0000
   1010.00      1486.30      0.00     1.00       0.0000    0.0000
   1015.00      1486.30      0.00     1.00       0.0000    0.0000
   1020.00      1486.22      0.00     1.00       0.0000    0.0000
   1025.00      1486.22      0.00     1.00       0.0000    0.0000
   1030.00      1486.30      0.00     1.00       0.0000    0.0000
   1035.00      1486.39      0.00     1.00       0.0000    0.0000
   1040.00      1487.77      0.00     1.00       0.0000    0.0000
   1045.00      1488.59      0.00     1.00       0.0000    0.0000
   1050.00      1489.13      0.00     1.00       0.0000    0.0000
   1055.00      1489.62      0.00     1.00       0.0000    0.0000
   1060.00      1490.02      0.00     1.00       0.0000    0.0000
   1065.00      1490.42      0.00     1.00       0.0000    0.0000
   1070.00      1490.74      0.00     1.00       0.0000    0.0000
   1075.00      1491.06      0.00     1.00       0.0000    0.0000
   1080.00      1491.41      0.00     1.00       0.0000    0.0000
   1085.00      1491.70      0.00     1.00       0.0000    0.0000
   1090.00      1492.02      0.00     1.00       0.0000    0.0000
   1095.00      1492.34      0.00     1.00       0.0000    0.0000
   1100.00      1492.58      0.00     1.00       0.0000    0.0000
   1105.00      1492.58      0.00     1.00       0.0000    0.0000
   1110.00      1492.58      0.00     1.00       0.0000    0.0000
   1115.00      1492.58      0.00     1.00       0.0000    0.0000
   1120.00      1492.58      0.00     1.00       0.0000    0.0000
   1125.00      1492.58      0.00     1.00       0.0000    0.0000
   1130.00      1492.58      0.00     1.00       0.0000    0.0000
   1135.00      1492.58      0.00     1.00       0.0000    0.0000
   1140.00      1492.58      0.00     1.00       0.0000    0.0000
   1145.00      1492.58      0.00     1.00       0.0000    0.0000
   1150.00      1492.58      0.00     1.00       0.0000    0.0000
   1155.00      1492.58      0.00     1.00       0.0000    0.0000
   1160.00      1492.58      0.00     1.00       0.0000    0.0000
   1165.00      1492.58      0.00     1.00       0.0000    0.0000
   1170.00      1492.58      0.00     1.00       0.0000    0.0000
   1175.00      1492.58      0.00     1.00       0.0000    0.0000
   1180.00      1492.58      0.00     1.00       0.0000    0.0000
   1185.00      1492.58      0.00     1.00       0.0000    0.0000
   1190.00      1492.58      0.00     1.00       0.0000    0.0000
   1195.00      1492.58      0.00     1.00       0.0000    0.0000
   1200.00      1492.58      0.00     1.00       0.0000    0.0000

                                 ( RMS roughness =   0.00     )
     Bathymetry file selected
     ACOUSTO-ELASTIC half-space
   1200.00      1600.00      0.00     1.81       1.0000    0.0000

 __________________________________________________________________________

 Number of Source   depths, Sz =            1
 Source   depths, Sz (m)
   50.0000    


 __________________________________________________________________________

 Number of Receiver depths, Rz =        11521
 Receiver depths, Rz (m)
   0.00000      0.104167      0.208333      0.312500      0.416667    
  0.520833      0.625000      0.729167      0.833333      0.937500    
          ... 
   1200.00    


 __________________________________________________________________________

 Number of Receiver ranges, Rr =          401
 Receiver ranges, Rr (km)
   0.00000      0.500000E-01  0.100000      0.150000      0.200000    
  0.250000      0.300000      0.350000      0.400000      0.450000    
          ... 
   20.0000    


 Coherent TL calculation
 Geometric hat beams in Cartesian coordinates
 Point source (cylindrical coordinates)
 Rectilinear receiver grid: Receivers at Rr( : ) x Rz( : )
 __________________________________________________________________________

 Number of beams in elevation   =          500
 Beam take-off angles (degrees)
  -60.0000      -59.8798      -59.7595      -59.6393      -59.5190    
  -59.3988      -59.2786      -59.1583      -59.0381      -58.9178    
          ... 
   0.00000    

 __________________________________________________________________________


 Step length,       deltas =   0.000     m

 Maximum ray depth, Box%z  =   1200.     m
 Maximum ray range, Box%r  =   20.00    km
 No beam shift in effect

 __________________________________________________________________________

 Using bottom-bathymetry file
 Curvilinear Interpolation
 Number of bathymetry points =          401

 Short format (bathymetry only)
  Range (km)  Depth (m)
   0.00       233.    
  0.500E-01   233.    
  0.100       233.    
  0.150       233.    
  0.200       233.    
  0.250       233.    
  0.300       233.    
  0.350       233.    
  0.400       233.    
  0.450       233.    
  0.500       233.    
  0.550       233.    
  0.600       233.    
  0.650       233.    
  0.700       233.    
  0.750       233.    
  0.800       233.    
  0.850       233.    
  0.900       233.    

 ______________________________
 Using source beam pattern file
 Number of source beam pattern points         361

  Angle (degrees)  Power (dB)
  -90.0      -17.7    
  -89.5      -17.7    
  -89.0      -17.7    
  -88.5      -17.7    
  -88.0      -17.7    
  -87.5      -17.8    
  -87.0      -17.8    
  -86.5      -17.8    
  -86.0      -17.9    
  -85.5      -17.9    
  -85.0      -17.9    
  -84.5      -18.0    
  -84.0      -18.1    
  -83.5      -18.1    
  -83.0      -18.2    
  -82.5      -18.3    
  -82.0      -18.4    
  -81.5      -18.5    
  -81.0      -18.6    
  -80.5      -18.7    
  -80.0      -18.9    
  -79.5      -19.0    
  -79.0      -19.2    
  -78.5      -19.4    
  -78.0      -19.6    
  -77.5      -19.9    
  -77.0      -20.1    
  -76.5      -20.4    
  -76.0      -20.7    
  -75.5      -21.1    
  -75.0      -21.5    
  -74.5      -21.9    
  -74.0      -22.4    
  -73.5      -23.0    
  -73.0      -23.6    
  -72.5      -24.4    
  -72.0      -25.2    
  -71.5      -26.2    
  -71.0      -27.4    
  -70.5      -28.9    
  -70.0      -30.7    
  -69.5      -33.2    
  -69.0      -36.8    
  -68.5      -43.4    
  -68.0      -57.7    
  -67.5      -40.3    
  -67.0      -34.8    
  -66.5      -31.4    
  -66.0      -28.8    
  -65.5      -26.8    
  -65.0      -25.2    
  -64.5      -23.8    
  -64.0      -22.6    
  -63.5      -21.5    
  -63.0      -20.5    
  -62.5      -19.6    
  -62.0      -18.8    
  -61.5      -18.1    
  -61.0      -17.4    
  -60.5      -16.8    
  -60.0      -16.3    
  -59.5      -15.8    
  -59.0      -15.3    
  -58.5      -14.9    
  -58.0      -14.5    
  -57.5      -14.2    
  -57.0      -13.9    
  -56.5      -13.6    
  -56.0      -13.4    
  -55.5      -13.2    
  -55.0      -13.1    
  -54.5      -13.0    
  -54.0      -13.0    
  -53.5      -13.0    
  -53.0      -13.0    
  -52.5      -13.1    
  -52.0      -13.3    
  -51.5      -13.6    
  -51.0      -13.9    
  -50.5      -14.3    
  -50.0      -14.8    
  -49.5      -15.4    
  -49.0      -16.2    
  -48.5      -17.2    
  -48.0      -18.5    
  -47.5      -20.1    
  -47.0      -22.4    
  -46.5      -25.7    
  -46.0      -31.9    
  -45.5      -50.9    
  -45.0      -29.6    
  -44.5      -23.8    
  -44.0      -20.1    
  -43.5      -17.5    
  -43.0      -15.3    
  -42.5      -13.6    
  -42.0      -12.1    
  -41.5      -10.8    
  -41.0      -9.62    
  -40.5      -8.58    
  -40.0      -7.64    
  -39.5      -6.78    
  -39.0      -6.00    
  -38.5      -5.29    
  -38.0      -4.63    
  -37.5      -4.04    
  -37.0      -3.49    
  -36.5      -2.99    
  -36.0      -2.53    
  -35.5      -2.12    
  -35.0      -1.75    
  -34.5      -1.41    
  -34.0      -1.11    
  -33.5     -0.850    
  -33.0     -0.630    
  -32.5     -0.430    
  -32.0     -0.280    
  -31.5     -0.160    
  -31.0     -0.700E-01
  -30.5     -0.200E-01
  -30.0       0.00    
  -29.5     -0.200E-01
  -29.0     -0.700E-01
  -28.5     -0.160    
  -28.0     -0.290    
  -27.5     -0.460    
  -27.0     -0.670    
  -26.5     -0.910    
  -26.0      -1.21    
  -25.5      -1.55    
  -25.0      -1.94    
  -24.5      -2.38    
  -24.0      -2.88    
  -23.5      -3.45    
  -23.0      -4.08    
  -22.5      -4.79    
  -22.0      -5.58    
  -21.5      -6.47    
  -21.0      -7.48    
  -20.5      -8.63    
  -20.0      -9.95    
  -19.5      -11.5    
  -19.0      -13.3    
  -18.5      -15.6    
  -18.0      -18.5    
  -17.5      -22.7    
  -17.0      -30.3    
  -16.5      -40.0    
  -16.0      -26.5    
  -15.5      -21.8    
  -15.0      -19.0    
  -14.5      -17.1    
  -14.0      -15.7    
  -13.5      -14.7    
  -13.0      -14.0    
  -12.5      -13.5    
  -12.0      -13.2    
  -11.5      -13.0    
  -11.0      -13.0    
  -10.5      -13.1    
  -10.0      -13.3    
  -9.50      -13.7    
  -9.00      -14.2    
  -8.50      -14.8    
  -8.00      -15.7    
  -7.50      -16.7    
  -7.00      -18.0    
  -6.50      -19.6    
  -6.00      -21.6    
  -5.50      -24.4    
  -5.00      -28.4    
  -4.50      -36.1    
  -4.00      -44.0    
  -3.50      -31.3    
  -3.00      -26.5    
  -2.50      -23.6    
  -2.00      -21.6    
  -1.50      -20.2    
  -1.00      -19.1    
 -0.500      -18.3    
   0.00      -17.7    
  0.500      -17.3    
   1.00      -17.0    
   1.50      -16.9    
   2.00      -17.0    
   2.50      -17.2    
   3.00      -17.5    
   3.50      -18.0    
   4.00      -18.6    
   4.50      -19.5    
   5.00      -20.5    
   5.50      -21.8    
   6.00      -23.5    
   6.50      -25.8    
   7.00      -28.9    
   7.50      -33.9    
   8.00      -47.3    
   8.50      -39.0    
   9.00      -31.6    
   9.50      -27.8    
   10.0      -25.3    
   10.5      -23.5    
   11.0      -22.2    
   11.5      -21.1    
   12.0      -20.4    
   12.5      -19.8    
   13.0      -19.4    
   13.5      -19.1    
   14.0      -19.0    
   14.5      -19.0    
   15.0      -19.2    
   15.5      -19.4    
   16.0      -19.9    
   16.5      -20.5    
   17.0      -21.2    
   17.5      -22.2    
   18.0      -23.4    
   18.5      -24.9    
   19.0      -26.9    
   19.5      -29.6    
   20.0      -33.7    
   20.5      -41.9    
   21.0      -46.8    
   21.5      -35.4    
   22.0      -30.8    
   22.5      -27.9    
   23.0      -25.8    
   23.5      -24.2    
   24.0      -23.0    
   24.5      -22.1    
   25.0      -21.4    
   25.5      -20.8    
   26.0      -20.4    
   26.5      -20.1    
   27.0      -19.9    
   27.5      -19.9    
   28.0      -19.9    
   28.5      -20.1    
   29.0      -20.4    
   29.5      -20.8    
   30.0      -21.4    
   30.5      -22.0    
   31.0      -22.9    
   31.5      -23.9    
   32.0      -25.2    
   32.5      -26.9    
   33.0      -29.0    
   33.5      -32.0    
   34.0      -36.6    
   34.5      -47.6    
   35.0      -44.0    
   35.5      -35.5    
   36.0      -31.4    
   36.5      -28.7    
   37.0      -26.7    
   37.5      -25.2    
   38.0      -24.0    
   38.5      -23.0    
   39.0      -22.2    
   39.5      -21.6    
   40.0      -21.0    
   40.5      -20.6    
   41.0      -20.3    
   41.5      -20.1    
   42.0      -19.9    
   42.5      -19.9    
   43.0      -19.9    
   43.5      -20.0    
   44.0      -20.2    
   44.5      -20.4    
   45.0      -20.8    
   45.5      -21.2    
   46.0      -21.7    
   46.5      -22.3    
   47.0      -23.0    
   47.5      -23.8    
   48.0      -24.8    
   48.5      -26.1    
   49.0      -27.5    
   49.5      -29.4    
   50.0      -31.7    
   50.5      -35.1    
   51.0      -40.8    
   51.5      -62.2    
   52.0      -42.4    
   52.5      -36.0    
   53.0      -32.4    
   53.5      -29.9    
   54.0      -28.1    
   54.5      -26.6    
   55.0      -25.3    
   55.5      -24.3    
   56.0      -23.4    
   56.5      -22.7    
   57.0      -22.1    
   57.5      -21.5    
   58.0      -21.0    
   58.5      -20.6    
   59.0      -20.2    
   59.5      -19.9    
   60.0      -19.7    
   60.5      -19.5    
   61.0      -19.3    
   61.5      -19.2    
   62.0      -19.1    
   62.5      -19.0    
   63.0      -19.0    
   63.5      -19.0    
   64.0      -19.0    
   64.5      -19.1    
   65.0      -19.1    
   65.5      -19.2    
   66.0      -19.4    
   66.5      -19.5    
   67.0      -19.7    
   67.5      -19.9    
   68.0      -20.1    
   68.5      -20.3    
   69.0      -20.6    
   69.5      -20.9    
   70.0      -21.2    
   70.5      -21.5    
   71.0      -21.9    
   71.5      -22.2    
   72.0      -22.6    
   72.5      -23.1    
   73.0      -23.5    
   73.5      -24.0    
   74.0      -24.5    
   74.5      -25.0    
   75.0      -25.6    
   75.5      -26.1    
   76.0      -26.8    
   76.5      -27.4    
   77.0      -28.1    
   77.5      -28.8    
   78.0      -29.6    
   78.5      -30.4    
   79.0      -31.3    
   79.5      -32.3    
   80.0      -33.3    
   80.5      -34.4    
   81.0      -35.6    
   81.5      -36.9    
   82.0      -38.4    
   82.5      -40.0    
   83.0      -42.0    
   83.5      -44.2    
   84.0      -47.1    
   84.5      -51.0    
   85.0      -57.1    
   85.5      -82.3    
   86.0      -59.2    
   86.5      -53.4    
   87.0      -50.4    
   87.5      -48.4    
   88.0      -47.1    
   88.5      -46.2    
   89.0      -45.6    
   89.5      -45.2    
   90.0      -45.1    

 Step length,       deltas =   120.0     m (automatically selected)

Tracing beam       1    -60.00

 Geometric hat beams                     
 halfwidth  =    129.54338455472526     
 epsilonOpt =  (  0.0000000000000000     ,  94897081.675832868     )
 EpsMult    =    1.0000000000000000     

Tracing beam      11    -58.80
Tracing beam      21    -57.60
Tracing beam      31    -56.39
Tracing beam      41    -55.19
Tracing beam      51    -53.99
Tracing beam      61    -52.79
Tracing beam      71    -51.58
Tracing beam      81    -50.38
Tracing beam      91    -49.18
Tracing beam     101    -47.98
Tracing beam     111    -46.77
Tracing beam     121    -45.57
Tracing beam     131    -44.37
Tracing beam     141    -43.17
Tracing beam     151    -41.96
Tracing beam     161    -40.76
Tracing beam     171    -39.56
Tracing beam     181    -38.36
Tracing beam     191    -37.15
Tracing beam     201    -35.95
Tracing beam     211    -34.75
Tracing beam     221    -33.55
Tracing beam     231    -32.34
Tracing beam     241    -31.14
Tracing beam     251    -29.94
Tracing beam     261    -28.74
Tracing beam     271    -27.54
Tracing beam     281    -26.33
Tracing beam     291    -25.13
Tracing beam     301    -23.93
Tracing beam     311    -22.73
Tracing beam     321    -21.52
Tracing beam     331    -20.32
Tracing beam     341    -19.12
Tracing beam     351    -17.92
Tracing beam     361    -16.71
Tracing beam     371    -15.51
Tracing beam     381    -14.31
Tracing beam     391    -13.11
Tracing beam     401    -11.90
Tracing beam     411    -10.70
Tracing beam     421     -9.50
Tracing beam     431     -8.30
Tracing beam     441     -7.09
Tracing beam     451     -5.89
Tracing beam     461     -4.69
Tracing beam     471     -3.49
Tracing beam     481     -2.28
Tracing beam     491     -1.08

 CPU Time =        4.95    s
